<?xml version="1.0" encoding="UTF-8"?>
<!-- Generated by org.testng.reporters.JUnitXMLReporter -->
<testsuite ignored="3" hostname="DESKTOP-JH8O8SM" failures="0" tests="2" name="Test" time="0.141" errors="0" timestamp="2025-04-17T22:28:18 IST">
  <testcase classname="before_after_meth_exmp.Testng_group" name="test1" time="0.026"/>
  <testcase classname="before_after_meth_exmp.Testng_group" name="test4" time="0.004"/>
  <testcase classname="before_after_meth_exmp.Testng_group" name="test5" time="0.0">
    <ignored/>
  </testcase> <!-- test5 -->
  <testcase classname="before_after_meth_exmp.Testng_group" name="test3" time="0.0">
    <ignored/>
  </testcase> <!-- test3 -->
  <testcase classname="before_after_meth_exmp.Testng_group" name="test2" time="0.0">
    <ignored/>
  </testcase> <!-- test2 -->
</testsuite> <!-- Test -->
