<?xml version="1.0" encoding="UTF-8"?>
<testng-results ignored="0" total="2" passed="2" failed="0" skipped="0">
  <reporter-output>
  </reporter-output>
  <suite started-at="2025-04-30T21:28:57 IST" name="Default suite" finished-at="2025-04-30T21:28:57 IST" duration-ms="143">
    <groups>
    </groups>
    <test started-at="2025-04-30T21:28:57 IST" name="Default test" finished-at="2025-04-30T21:28:57 IST" duration-ms="143">
      <class name="test_ng_framework.Depends_on">
        <test-method signature="signup()[pri:0, instance:test_ng_framework.Depends_on@206a70ef]" started-at="2025-04-30T21:28:57 IST" name="signup" finished-at="2025-04-30T21:28:57 IST" duration-ms="20" status="PASS">
          <reporter-output>
          </reporter-output>
        </test-method> <!-- signup -->
        <test-method signature="login()[pri:0, instance:test_ng_framework.Depends_on@206a70ef]" started-at="2025-04-30T21:28:57 IST" name="login" finished-at="2025-04-30T21:28:57 IST" depends-on-methods="test_ng_framework.Depends_on.signup" duration-ms="7" status="PASS">
          <reporter-output>
          </reporter-output>
        </test-method> <!-- login -->
      </class> <!-- test_ng_framework.Depends_on -->
    </test> <!-- Default test -->
  </suite> <!-- Default suite -->
</testng-results>
